<?xml version="1.0" encoding="UTF-8"?>
<testng-results skipped="0" failed="0" ignored="0" total="1" passed="1">
  <reporter-output>
  </reporter-output>
  <suite name="Default suite" duration-ms="42347" started-at="2018-10-07T14:30:28Z" finished-at="2018-10-07T14:31:10Z">
    <groups>
    </groups>
    <test name="Default test" duration-ms="42347" started-at="2018-10-07T14:30:28Z" finished-at="2018-10-07T14:31:10Z">
      <class name="com.ProjectByJai.testScript.RegistrationTest">
        <test-method status="PASS" signature="beforeSuite()[pri:0, instance:com.ProjectByJai.testScript.RegistrationTest@8080bb]" name="beforeSuite" is-config="true" duration-ms="319" started-at="2018-10-07T20:00:27Z" finished-at="2018-10-07T20:00:28Z">
          <reporter-output>
          </reporter-output>
        </test-method> <!-- beforeSuite -->
        <test-method status="PASS" signature="beforeMethod()[pri:0, instance:com.ProjectByJai.testScript.RegistrationTest@8080bb]" name="beforeMethod" is-config="true" duration-ms="23117" started-at="2018-10-07T20:00:28Z" finished-at="2018-10-07T20:00:51Z">
          <reporter-output>
          </reporter-output>
        </test-method> <!-- beforeMethod -->
        <test-method status="PASS" signature="beforeTest()[pri:0, instance:com.ProjectByJai.testScript.RegistrationTest@8080bb]" name="beforeTest" is-config="true" duration-ms="6" started-at="2018-10-07T20:00:51Z" finished-at="2018-10-07T20:00:51Z">
          <reporter-output>
          </reporter-output>
        </test-method> <!-- beforeTest -->
        <test-method status="PASS" signature="beforeMethod(java.lang.reflect.Method)[pri:0, instance:com.ProjectByJai.testScript.RegistrationTest@8080bb]" name="beforeMethod" is-config="true" duration-ms="22" started-at="2018-10-07T20:00:51Z" finished-at="2018-10-07T20:00:51Z">
          <params>
            <param index="0">
              <value>
                <![CDATA[public void com.ProjectByJai.testScript.RegistrationTest.testRegistration()]]>
              </value>
            </param>
          </params>
          <reporter-output>
          </reporter-output>
        </test-method> <!-- beforeMethod -->
        <test-method status="PASS" signature="testRegistration()[pri:0, instance:com.ProjectByJai.testScript.RegistrationTest@8080bb]" name="testRegistration" duration-ms="17860" started-at="2018-10-07T20:00:51Z" finished-at="2018-10-07T20:01:09Z">
          <reporter-output>
          </reporter-output>
        </test-method> <!-- testRegistration -->
        <test-method status="PASS" signature="afterMethod(org.testng.ITestResult)[pri:0, instance:com.ProjectByJai.testScript.RegistrationTest@8080bb]" name="afterMethod" is-config="true" duration-ms="669" started-at="2018-10-07T20:01:09Z" finished-at="2018-10-07T20:01:10Z">
          <params>
            <param index="0">
              <value>
                <![CDATA[[TestResult name=testRegistration status=SUCCESS method=RegistrationTest.testRegistration()[pri:0, instance:com.ProjectByJai.testScript.RegistrationTest@8080bb] output={null}]]]>
              </value>
            </param>
          </params>
          <reporter-output>
          </reporter-output>
        </test-method> <!-- afterMethod -->
        <test-method status="PASS" signature="afterTest()[pri:0, instance:com.ProjectByJai.testScript.RegistrationTest@8080bb]" name="afterTest" is-config="true" duration-ms="616" started-at="2018-10-07T20:01:10Z" finished-at="2018-10-07T20:01:10Z">
          <reporter-output>
          </reporter-output>
        </test-method> <!-- afterTest -->
      </class> <!-- com.ProjectByJai.testScript.RegistrationTest -->
    </test> <!-- Default test -->
  </suite> <!-- Default suite -->
</testng-results>
